<testsuites id="" name="" tests="1" failures="0" skipped="0" errors="0" time="15.200807">
<testsuite name="argocivisulatesting.spec.ts" timestamp="2025-06-27T11:49:44.086Z" hostname="chromium" tests="1" failures="0" skipped="0" time="13.971" errors="0">
<testcase name="date picker" classname="argocivisulatesting.spec.ts" time="13.971">
<system-out>
<![CDATA[2027-05-28

[[ATTACHMENT|..\test-results\argocivisulatesting-date-picker-chromium\attachments\argos-metadata-chromium-HomePage-39522878ae2c546fecf93d4f478fc46a35460b56.json]]

[[ATTACHMENT|..\test-results\argocivisulatesting-date-picker-chromium\attachments\argos-screenshot-chromium-HomePage-9a9d637093150fe2181145edda89ea2a51bab791.png]]

[[ATTACHMENT|..\test-results\argocivisulatesting-date-picker-chromium\attachments\argos-screenshot-chromium-Validation-Page-f22f6319390089f23b9b8d8dbabe18b9685239db.png]]

[[ATTACHMENT|..\test-results\argocivisulatesting-date-picker-chromium\attachments\argos-metadata-chromium-Validation-Page-364cdd9d33736671fa4071ac7896037efabc6173.json]]

[[ATTACHMENT|..\test-results\argocivisulatesting-date-picker-chromium\attachments\argos-screenshot-chromium-Resultpage-Page-85b828d643294c953d3ff30450e9c1a9551ae58a.png]]

[[ATTACHMENT|..\test-results\argocivisulatesting-date-picker-chromium\attachments\argos-metadata-chromium-Resultpage-Page-27f5655d3406c1e89362b52c6ec2a0ae845f771b.json]]

[[ATTACHMENT|..\test-results\argocivisulatesting-date-picker-chromium\video.webm]]
]]>
</system-out>
</testcase>
</testsuite>
</testsuites>